<?xml version="1.0" encoding="UTF-8"?>
<!--
  ~ Licensed to the Apache Software Foundation (ASF) under one or more
  ~ contributor license agreements.  See the NOTICE file distributed with
  ~ this work for additional information regarding copyright ownership.
  ~ The ASF licenses this file to You under the Apache License, Version 2.0
  ~ (the "License"); you may not use this file except in compliance with
  ~ the License.  You may obtain a copy of the License at
  ~
  ~      http://www.apache.org/licenses/LICENSE-2.0
  ~
  ~ Unless required by applicable law or agreed to in writing, software
  ~ distributed under the License is distributed on an "AS IS" BASIS,
  ~ WITHOUT WARRANTIES OR CONDITIONS OF ANY KIND, either express or implied.
  ~ See the License for the specific language governing permissions and
  ~ limitations under the License.
  -->

<beans xmlns="http://www.springframework.org/schema/beans" xmlns:xsi="http://www.w3.org/2001/XMLSchema-instance"
	   xsi:schemaLocation="http://www.springframework.org/schema/beans
        http://www.springframework.org/schema/beans/spring-beans-3.0.xsd
        http://www.springframework.org/schema/context
        http://www.springframework.org/schema/context/spring-context-3.0.xsd">

	<bean id="api" class="com.rest4j.spring.APIFactoryBean">
		<property name="apiDescriptionXml" value="com/rest4j/impl/petapi.xml"/>
		<property name="customMapping">
			<bean class="com.rest4j.impl.petapi.PetMapping"/>
		</property>
		<property name="pathPrefix" value="/api/v2"/>
		<property name="objectFactories">
			<list>
				<bean class="com.rest4j.spring.TestObjectFactory"/>
			</list>
		</property>
	</bean>

	<bean id="pets" class="com.rest4j.spring.TestService"/>

	<bean id="controller" class="com.rest4j.spring.Controller">
		<property name="api" ref="api"/>
	</bean>
</beans>